<?xml version="1.0" encoding="UTF-8"?>
<!-- Generated by org.testng.reporters.JUnitReportReporter -->
<testsuite skipped="0" hostname="LAPTOP-BNLU8FNL" name="com.qa.system.test.testScripts.LoginTest" tests="1" failures="0" timestamp="2020-12-21T08:46:04 IST" time="7.588" errors="0">
  <testcase name="TestLoginToapplication" time="7.588" classname="com.qa.system.test.testScripts.LoginTest"/>
  <system-out/>
</testsuite> <!-- com.qa.system.test.testScripts.LoginTest -->
