<?xml version="1.0" encoding="UTF-8"?>
<!-- Generated by org.testng.reporters.JUnitReportReporter -->
<testsuite skipped="0" hostname="LAPTOP-BNLU8FNL" name="com.qa.system.test.testScripts.RegistrationpageTest" tests="1" failures="0" timestamp="2020-12-20T18:49:06 IST" time="7.979" errors="0">
  <testcase name="TestLoginToapplication" time="7.979" classname="com.qa.system.test.testScripts.RegistrationpageTest"/>
  <system-out/>
</testsuite> <!-- com.qa.system.test.testScripts.RegistrationpageTest -->
